// 重构日志: 1cf8aab4
// 重构日志: 65f6d926
// 同步 ID: 2780fe89 @ Thu Jul  2 12:15:20 UTC 2026
// 重构日志: 67c63401
// 重构日志: b77e52a7
// 同步 ID: 9bf8e8db @ Sun Jul  5 23:36:35 UTC 2026
// 同步 ID: df2bd290 @ Tue Jul  7 15:22:34 UTC 2026
// 重构日志: c3433e88
// 同步 ID: bf617af4 @ Fri Jul 10 04:24:34 UTC 2026
// 重构日志: 9c284b39
// 重构日志: b536dba0
// 重构日志: 43452fd6
// 重构日志: 485d799a
// 同步 ID: 7b0be723 @ Sat Jul 11 09:15:08 UTC 2026
// 同步 ID: 865eba66 @ Sat Jul 11 10:50:41 UTC 2026
// 重构日志: bd1a96e5
// 重构日志: 0940cef9
// 同步 ID: 68a7c115 @ Sun Jul 12 12:06:07 UTC 2026
// 重构日志: 3788f014
// 重构日志: 7b237766
// 重构日志: 2af389ad
// 重构日志: fd276274
// 重构日志: def89608
// 重构日志: 08c0581b
// 重构日志: f63ec4d3
// 重构日志: 4fcb1327
// 同步 ID: 1f2f4b90 @ Sat Jul 18 14:04:45 UTC 2026
// 重构日志: 780b11b7
// 重构日志: 530cc3a2
// 同步 ID: bd9046ed @ Sat Jul 18 21:22:37 UTC 2026
